# JRE version: Java(TM) SE Runtime Environment (8.0_191-b12) (build 1.8.0_191-b12)
# Java VM: Java HotSpot(TM) 64-Bit Server VM (25.191-b12 mixed mode windows-amd64 compressed oops)
Heap:
 garbage-first heap   total 262144K, used 165284K [0x00000000c0000000, 0x00000000c0100800, 0x0000000100000000)
  region size 1024K, 148 young (151552K), 18 survivors (18432K)
 Metaspace       used 43670K, capacity 45887K, committed 46080K, reserved 1089536K
  class space    used 5333K, capacity 6040K, committed 6144K, reserved 1048576K
GC Heap History (10 events):
Event: 0.814 GC heap before
{Heap before GC invocations=2 (full 0):
 garbage-first heap   total 262144K, used 63773K [0x00000000c0000000, 0x00000000c0100800, 0x0000000100000000)
  region size 1024K, 24 young (24576K), 3 survivors (3072K)
 Metaspace       used 12077K, capacity 12830K, committed 13056K, reserved 1060864K
  class space    used 1241K, capacity 1426K, committed 1536K, reserved 1048576K
Event: 0.818 GC heap after
Heap after GC invocations=3 (full 0):
 garbage-first heap   total 262144K, used 13681K [0x00000000c0000000, 0x00000000c0100800, 0x0000000100000000)
  region size 1024K, 3 young (3072K), 3 survivors (3072K)
 Metaspace       used 12077K, capacity 12830K, committed 13056K, reserved 1060864K
  class space    used 1241K, capacity 1426K, committed 1536K, reserved 1048576K
}
Event: 1.429 GC heap before
{Heap before GC invocations=3 (full 0):
 garbage-first heap   total 262144K, used 58737K [0x00000000c0000000, 0x00000000c0100800, 0x0000000100000000)
  region size 1024K, 48 young (49152K), 3 survivors (3072K)
 Metaspace       used 20221K, capacity 21186K, committed 21296K, reserved 1069056K
  class space    used 2063K, capacity 2384K, committed 2432K, reserved 1048576K
Event: 1.437 GC heap after
Heap after GC invocations=4 (full 0):
 garbage-first heap   total 262144K, used 21692K [0x00000000c0000000, 0x00000000c0100800, 0x0000000100000000)
  region size 1024K, 12 young (12288K), 12 survivors (12288K)
 Metaspace       used 20221K, capacity 21186K, committed 21296K, reserved 1069056K
  class space    used 2063K, capacity 2384K, committed 2432K, reserved 1048576K
}
Event: 1.986 GC heap before
{Heap before GC invocations=5 (full 0):
 garbage-first heap   total 262144K, used 81084K [0x00000000c0000000, 0x00000000c0100800, 0x0000000100000000)
  region size 1024K, 71 young (72704K), 12 survivors (12288K)
 Metaspace       used 25433K, capacity 26686K, committed 27008K, reserved 1073152K
  class space    used 2756K, capacity 3127K, committed 3200K, reserved 1048576K
Event: 1.995 GC heap after
Heap after GC invocations=6 (full 0):
 garbage-first heap   total 262144K, used 23972K [0x00000000c0000000, 0x00000000c0100800, 0x0000000100000000)
  region size 1024K, 9 young (9216K), 9 survivors (9216K)
 Metaspace       used 25433K, capacity 26686K, committed 27008K, reserved 1073152K
  class space    used 2756K, capacity 3127K, committed 3200K, reserved 1048576K
}
Event: 2.939 GC heap before
{Heap before GC invocations=6 (full 0):
 garbage-first heap   total 262144K, used 82340K [0x00000000c0000000, 0x00000000c0100800, 0x0000000100000000)
  region size 1024K, 67 young (68608K), 9 survivors (9216K)
 Metaspace       used 33724K, capacity 35827K, committed 35920K, reserved 1081344K
  class space    used 3740K, capacity 4352K, committed 4352K, reserved 1048576K
Event: 2.950 GC heap after
Heap after GC invocations=7 (full 0):
 garbage-first heap   total 262144K, used 31140K [0x00000000c0000000, 0x00000000c0100800, 0x0000000100000000)
  region size 1024K, 16 young (16384K), 16 survivors (16384K)
 Metaspace       used 33724K, capacity 35827K, committed 35920K, reserved 1081344K
  class space    used 3740K, capacity 4352K, committed 4352K, reserved 1048576K
}
Event: 4.541 GC heap before
{Heap before GC invocations=8 (full 0):
 garbage-first heap   total 262144K, used 171428K [0x00000000c0000000, 0x00000000c0100800, 0x0000000100000000)
  region size 1024K, 153 young (156672K), 16 survivors (16384K)
 Metaspace       used 36354K, capacity 38523K, committed 38784K, reserved 1083392K
  class space    used 4032K, capacity 4694K, committed 4736K, reserved 1048576K
Event: 4.554 GC heap after
Heap after GC invocations=9 (full 0):
 garbage-first heap   total 262144K, used 33188K [0x00000000c0000000, 0x00000000c0100800, 0x0000000100000000)
  region size 1024K, 18 young (18432K), 18 survivors (18432K)
 Metaspace       used 36354K, capacity 38523K, committed 38784K, reserved 1083392K
  class space    used 4032K, capacity 4694K, committed 4736K, reserved 1048576K
}

