# JRE version: Java(TM) SE Runtime Environment (8.0_191-b12) (build 1.8.0_191-b12)
# Java VM: Java HotSpot(TM) 64-Bit Server VM (25.191-b12 mixed mode windows-amd64 compressed oops)
Heap:
 garbage-first heap   total 262144K, used 105472K [0x00000000c0000000, 0x00000000c0100800, 0x0000000100000000)
  region size 1024K, 88 young (90112K), 18 survivors (18432K)
 Metaspace       used 38796K, capacity 41034K, committed 41344K, reserved 1085440K
  class space    used 4452K, capacity 5125K, committed 5248K, reserved 1048576K
GC Heap History (10 events):
Event: 0.990 GC heap before
{Heap before GC invocations=2 (full 0):
 garbage-first heap   total 262144K, used 70127K [0x00000000c0000000, 0x00000000c0100800, 0x0000000100000000)
  region size 1024K, 30 young (30720K), 3 survivors (3072K)
 Metaspace       used 12403K, capacity 13178K, committed 13312K, reserved 1060864K
  class space    used 1282K, capacity 1498K, committed 1536K, reserved 1048576K
Event: 0.994 GC heap after
Heap after GC invocations=3 (full 0):
 garbage-first heap   total 262144K, used 14848K [0x00000000c0000000, 0x00000000c0100800, 0x0000000100000000)
  region size 1024K, 4 young (4096K), 4 survivors (4096K)
 Metaspace       used 12403K, capacity 13178K, committed 13312K, reserved 1060864K
  class space    used 1282K, capacity 1498K, committed 1536K, reserved 1048576K
}
Event: 1.493 GC heap before
{Heap before GC invocations=3 (full 0):
 garbage-first heap   total 262144K, used 47616K [0x00000000c0000000, 0x00000000c0100800, 0x0000000100000000)
  region size 1024K, 37 young (37888K), 4 survivors (4096K)
 Metaspace       used 19938K, capacity 21158K, committed 21296K, reserved 1069056K
  class space    used 2012K, capacity 2382K, committed 2432K, reserved 1048576K
Event: 1.500 GC heap after
Heap after GC invocations=4 (full 0):
 garbage-first heap   total 262144K, used 21565K [0x00000000c0000000, 0x00000000c0100800, 0x0000000100000000)
  region size 1024K, 11 young (11264K), 11 survivors (11264K)
 Metaspace       used 19938K, capacity 21158K, committed 21296K, reserved 1069056K
  class space    used 2012K, capacity 2382K, committed 2432K, reserved 1048576K
}
Event: 2.075 GC heap before
{Heap before GC invocations=5 (full 0):
 garbage-first heap   total 262144K, used 84540K [0x00000000c0000000, 0x00000000c0100800, 0x0000000100000000)
  region size 1024K, 75 young (76800K), 11 survivors (11264K)
 Metaspace       used 25542K, capacity 26976K, committed 27264K, reserved 1073152K
  class space    used 2761K, capacity 3187K, committed 3200K, reserved 1048576K
Event: 2.083 GC heap after
Heap after GC invocations=6 (full 0):
 garbage-first heap   total 262144K, used 23523K [0x00000000c0000000, 0x00000000c0100800, 0x0000000100000000)
  region size 1024K, 10 young (10240K), 10 survivors (10240K)
 Metaspace       used 25542K, capacity 26976K, committed 27264K, reserved 1073152K
  class space    used 2761K, capacity 3187K, committed 3200K, reserved 1048576K
}
Event: 2.912 GC heap before
{Heap before GC invocations=6 (full 0):
 garbage-first heap   total 262144K, used 98275K [0x00000000c0000000, 0x00000000c0100800, 0x0000000100000000)
  region size 1024K, 84 young (86016K), 10 survivors (10240K)
 Metaspace       used 33834K, capacity 35886K, committed 35920K, reserved 1081344K
  class space    used 3751K, capacity 4352K, committed 4352K, reserved 1048576K
Event: 2.927 GC heap after
Heap after GC invocations=7 (full 0):
 garbage-first heap   total 262144K, used 36864K [0x00000000c0000000, 0x00000000c0100800, 0x0000000100000000)
  region size 1024K, 20 young (20480K), 20 survivors (20480K)
 Metaspace       used 33834K, capacity 35886K, committed 35920K, reserved 1081344K
  class space    used 3751K, capacity 4352K, committed 4352K, reserved 1048576K
}
Event: 4.302 GC heap before
{Heap before GC invocations=8 (full 0):
 garbage-first heap   total 262144K, used 168960K [0x00000000c0000000, 0x00000000c0100800, 0x0000000100000000)
  region size 1024K, 153 young (156672K), 20 survivors (20480K)
 Metaspace       used 36211K, capacity 38290K, committed 38528K, reserved 1083392K
  class space    used 4022K, capacity 4659K, committed 4736K, reserved 1048576K
Event: 4.315 GC heap after
Heap after GC invocations=9 (full 0):
 garbage-first heap   total 262144K, used 34816K [0x00000000c0000000, 0x00000000c0100800, 0x0000000100000000)
  region size 1024K, 18 young (18432K), 18 survivors (18432K)
 Metaspace       used 36211K, capacity 38290K, committed 38528K, reserved 1083392K
  class space    used 4022K, capacity 4659K, committed 4736K, reserved 1048576K
}

